#
# A fatal error has been detected by the Java Runtime Environment:
#
#  EXCEPTION_ACCESS_VIOLATION (0xc0000005) at pc=0x00007ffdd9bb3004, pid=4704, tid=5348
#
# JRE version: OpenJDK Runtime Environment (24.0+36) (build 24+36-3646)
# Java VM: OpenJDK 64-Bit Server VM (24+36-3646, mixed mode, sharing, tiered, compressed oops, compressed class ptrs, g1 gc, windows-amd64)
# Problematic frame:
# C  [libasyncProfiler.dll+0x93004]
#
# No core dump will be written. Minidumps are not enabled by default on client versions of Windows
#
# JFR recording file will be written. Location: C:\Users\USER\Documents\Faculdade\sistemaDeBlibioteca.java\hs_err_pid4704.jfr
#
# If you would like to submit a bug report, please visit:
#   https://bugreport.java.com/bugreport/crash.jsp
# The crash happened outside the Java Virtual Machine in native code.
# See problematic frame for where to report the bug.
#

---------------  S U M M A R Y ------------

Command Line: -javaagent:C:\Program Files\JetBrains\IntelliJ IDEA 2024.3.5\lib\idea_rt.jar=50634 -Dfile.encoding=UTF-8 -Dsun.stdout.encoding=UTF-8 -Dsun.stderr.encoding=UTF-8 Main

Host: AMD Ryzen 7 5700                               , 16 cores, 31G,  Windows 11 , 64 bit Build 26100 (10.0.26100.3912)
Time: Fri May 16 17:12:52 2025 Hora oficial do Brasil elapsed time: 322.572948 seconds (0d 0h 5m 22s)

---------------  T H R E A D  ---------------

Current thread (0x000001c07fdf1e50):  JavaThread "Attach Listener" daemon [_thread_in_native, id=5348, stack(0x000000a461f00000,0x000000a462000000) (1024K)]

Stack: [0x000000a461f00000,0x000000a462000000],  sp=0x000000a461fff300,  free space=1020k
Native frames: (J=compiled Java code, j=interpreted, Vv=VM code, C=native code)
C  [libasyncProfiler.dll+0x93004]  (no source info available)
C  [libasyncProfiler.dll+0x934db]  (no source info available)
C  [libasyncProfiler.dll+0x92134]  (no source info available)
C  [libasyncProfiler.dll+0x929aa]  (no source info available)
C  [libasyncProfiler.dll+0x8d561]  (no source info available)
C  [libasyncProfiler.dll+0x7ef21]  (no source info available)
C  [libasyncProfiler.dll+0x7dc38]  (no source info available)
C  [libasyncProfiler.dll+0x7db20]  (no source info available)
C  [libasyncProfiler.dll+0x84af9]  (no source info available)
V  [jvm.dll+0x57f1b7]  (no source info available)
V  [jvm.dll+0x57ff2c]  (no source info available)
V  [jvm.dll+0x14c9b7]  (no source info available)
V  [jvm.dll+0x14df81]  (no source info available)
V  [jvm.dll+0x42f566]  (no source info available)
V  [jvm.dll+0x87d8fb]  (no source info available)
V  [jvm.dll+0x72efe5]  (no source info available)
C  [ucrtbase.dll+0x37b0]  (no source info available)
C  [KERNEL32.DLL+0x2e8d7]  (no source info available)
C  [ntdll.dll+0x9c5dc]  (no source info available)


siginfo: EXCEPTION_ACCESS_VIOLATION (0xc0000005), reading address 0xffffffffffffffff


Registers:
RAX=0x0000000000000010, RBX=0x0000000000000000, RCX=0xffffffffffffffff, RDX=0x007ffddab72ff010
RSP=0x000000a461fff300, RBP=0x000001c0525e3578, RSI=0x000000a461fff470, RDI=0x000001c0525e3578
R8 =0x0000000000000042, R9 =0x000000061e4000d0, R10=0x00007ffddade9fc0, R11=0x0000000000000004
R12=0x000000a461fff470, R13=0x000001c0527b2630, R14=0x000001c07fdf2218, R15=0x000001c07fdf2218
RIP=0x00007ffdd9bb3004, EFLAGS=0x0000000000010202

XMM[0]=0x0000000000000000 0x0000000000000000
XMM[1]=0x0000000000000000 0x0000000000000000
XMM[2]=0x0000000000000000 0x0000000000000000
XMM[3]=0x0000000000000000 0x0000000000000000
XMM[4]=0x0000000000000000 0x0000000000000000
XMM[5]=0x0000000000000000 0x0000000000000000
XMM[6]=0x0000000000000000 0x0000000000000000
XMM[7]=0x0000000000000000 0x0000000000000000
XMM[8]=0x0000000000000000 0x0000000000000000
XMM[9]=0x0000000000000000 0x0000000000000000
XMM[10]=0x0000000000000000 0x0000000000000000
XMM[11]=0x0000000000000000 0x0000000000000000
XMM[12]=0x0000000000000000 0x0000000000000000
XMM[13]=0x0000000000000000 0x0000000000000000
XMM[14]=0x0000000000000000 0x0000000000000000
XMM[15]=0x0000000000000000 0x0000000000000000
  MXCSR=0x00001fa0


Register to memory mapping:

RAX=0x0000000000000010 is an unknown value
RBX=0x0 is null
RCX=0xffffffffffffffff is an unknown value
RDX=0x007ffddab72ff010 is an unknown value
RSP=0x000000a461fff300 is pointing into the stack for thread: 0x000001c07fdf1e50
RBP=0x000001c0525e3578 points into unknown readable memory: 0x000000061e4000d0 | d0 00 40 1e 06 00 00 00
RSI=0x000000a461fff470 is pointing into the stack for thread: 0x000001c07fdf1e50
RDI=0x000001c0525e3578 points into unknown readable memory: 0x000000061e4000d0 | d0 00 40 1e 06 00 00 00
R8 =0x0000000000000042 is an unknown value
R9 =0x000000061e4000d0 is an oop: java.lang.Thread 
{0x000000061e4000d0} - klass: 'java/lang/Thread' - flags: 

 - ---- fields (total size 14 words):
 - 'threadLocalRandomProbe' 'I' @12  0 (0x00000000)
 - private volatile 'eetop' 'J' @16  1925844585536 (0x000001c065484c40)
 - private final 'tid' 'J' @24  3 (0x0000000000000003)
 - 'threadLocalRandomSeed' 'J' @32  0 (0x0000000000000000)
 - injected 'jvmti_thread_state' 'J' @40  1925536728320 (0x000001c052eec500)
 - 'threadLocalRandomSecondarySeed' 'I' @48  0 (0x00000000)
 - injected 'jvmti_VTMS_transition_disable_count' 'I' @52  0 (0x00000000)
 - injected 'jfr_epoch' 'S' @56  0 (0x0000)
 - volatile 'interrupted' 'Z' @58  false (0x00)
 - injected 'jvmti_is_in_VTMS_transition' 'Z' @59  false (0x00)
 - private volatile 'name' 'Ljava/lang/String;' @60  "main"{0x000000061e543980} (0xc3ca8730)
 - private volatile 'contextClassLoader' 'Ljava/lang/ClassLoader;' @64  a 'jdk/internal/loader/ClassLoaders$AppClassLoader'{0x000000061e44e2d0} (0xc3c89c5a)
 - private final 'holder' 'Ljava/lang/Thread$FieldHolder;' @68  a 'java/lang/Thread$FieldHolder'{0x000000061e543958} (0xc3ca872b)
 - 'threadLocals' 'Ljava/lang/ThreadLocal$ThreadLocalMap;' @72  a 'java/lang/ThreadLocal$ThreadLocalMap'{0x000000061e58ede0} (0xc3cb1dbc)
 - 'inheritableThreadLocals' 'Ljava/lang/ThreadLocal$ThreadLocalMap;' @76  null (0x00000000)
 - private 'scopedValueBindings' 'Ljava/lang/Object;' @80  a 'java/lang/Class'{0x00000007ffc7c280} = 'java/lang/Thread' (0xfff8f850)
 - final 'interruptLock' 'Ljava/lang/Object;' @84  a 'java/lang/Object'{0x000000061e58edd0} (0xc3cb1dba)
 - private volatile 'parkBlocker' 'Ljava/lang/Object;' @88  null (0x00000000)
 - private 'nioBlocker' 'Lsun/nio/ch/Interruptible;' @92  null (0x00000000)
 - private 'cont' 'Ljdk/internal/vm/Continuation;' @96  null (0x00000000)
 - private volatile 'uncaughtExceptionHandler' 'Ljava/lang/Thread$UncaughtExceptionHandler;' @100  null (0x00000000)
 - private 'container' 'Ljdk/internal/vm/ThreadContainer;' @104  null (0x00000000)
 - private volatile 'headStackableScopes' 'Ljdk/internal/vm/StackableScope;' @108  null (0x00000000)
R10=0x00007ffddade9fc0 jvm.dll
R11=0x0000000000000004 is an unknown value
R12=0x000000a461fff470 is pointing into the stack for thread: 0x000001c07fdf1e50
R13=0x000001c0527b2630 points into unknown readable memory: 0x00007ffddad5a510 | 10 a5 d5 da fd 7f 00 00
R14=0x000001c07fdf2218 points into unknown readable memory: 0x00007ffddad517b0 | b0 17 d5 da fd 7f 00 00
R15=0x000001c07fdf2218 points into unknown readable memory: 0x00007ffddad517b0 | b0 17 d5 da fd 7f 00 00

Top of Stack: (sp=0x000000a461fff300)
0x000000a461fff300:   000000a461fff470 000001c0525e3578   p..a....x5^R....
0x000000a461fff310:   0000000000000000 000001c07fdf25a0   .........%......
0x000000a461fff320:   0000000000000047 00007ffdd9bb34db   G........4......
0x000000a461fff330:   0000000000000000 000001c07fdf2218   ........."......
0x000000a461fff340:   000000a461fff401 0000000000000000   ...a............
0x000000a461fff350:   000001c0522f8a10 00007ffdd9bb2134   ../R....4!......
0x000000a461fff360:   0000000000000000 0000000000000047   ........G.......
0x000000a461fff370:   0000000000000000 0000000000000047   ........G.......
0x000000a461fff380:   0000001400000002 000001c05336d9a0   ..........6S....
0x000000a461fff390:   000001c0522f8a10 000001c0522f8b2c   ../R....,./R....
0x000000a461fff3a0:   000001c0522f8b88 0000000000000ae4   ../R............
0x000000a461fff3b0:   0000000000000000 0000000000000000   ................
0x000000a461fff3c0:   0000000000000000 00007ffdda5b58e4   .........X[.....
0x000000a461fff3d0:   00007ffdd9d0ae00 0000000000001260   ........`.......
0x000000a461fff3e0:   00007ffdd9d0ae00 00000000ffffffff   ................
0x000000a461fff3f0:   0000000000000000 00007ffdd9bb29aa   .........)......
0x000000a461fff400:   000001c07fdf2218 0000000000000000   ."..............
0x000000a461fff410:   000000a461fff479 000001c0527b2630   y..a....0&{R....
0x000000a461fff420:   0000000000000004 0000000000000048   ........H.......
0x000000a461fff430:   0000000800800310 0000000000000020   ........ .......
0x000000a461fff440:   000001c07fdf2218 00007ffdd9d0ae00   ."..............
0x000000a461fff450:   000001c07fdf3a20 000001c052eec500    :.........R....
0x000000a461fff460:   0000000800800390 000001c07fdf2218   ........."......
0x000000a461fff470:   000001c052ecc8c0 000001c052ecd1a0   ...R.......R....
0x000000a461fff480:   000001c052ecd1a0 00007ffdd9d0ae00   ...R............
0x000000a461fff490:   000001c0528dfca8 000000a461fff608   ...R.......a....
0x000000a461fff4a0:   000000a461fff740 0000000000008840   @..a....@.......
0x000000a461fff4b0:   000000a461fff920 00007ffdd9d0ae50    ..a....P.......
0x000000a461fff4c0:   0000000000989680 0000000000989680   ................
0x000000a461fff4d0:   000000a461fff5e0 00007ffdd9bad561   ...a....a.......
0x000000a461fff4e0:   00007ffdd9d0ae00 00007ffdd9d0ae58   ........X.......
0x000000a461fff4f0:   00007ffd00000000 00007ffd00000001   ................

Instructions: (pc=0x00007ffdd9bb3004)
  0x00007ffdd9bb2f04:   cc cc cc cc cc cc cc cc cc cc cc cc cc cc cc cc
  0x00007ffdd9bb2f14:   cc cc cc cc cc cc cc cc cc cc cc cc cc cc cc cc
  0x00007ffdd9bb2f24:   cc cc cc cc cc cc cc cc cc cc cc cc cc cc cc cc
  0x00007ffdd9bb2f34:   cc cc cc cc cc cc cc cc cc cc cc cc cc cc cc cc
  0x00007ffdd9bb2f44:   cc cc cc cc cc cc cc cc cc cc cc cc cc cc cc cc
  0x00007ffdd9bb2f54:   cc cc cc cc cc cc cc cc cc cc cc cc cc cc cc cc
  0x00007ffdd9bb2f64:   cc cc cc cc cc cc cc cc cc cc cc cc cc cc cc cc
  0x00007ffdd9bb2f74:   cc cc cc cc cc cc cc cc cc cc cc cc cc cc cc cc
  0x00007ffdd9bb2f84:   cc cc cc cc cc cc cc cc cc cc cc cc 40 57 48 83
  0x00007ffdd9bb2f94:   ec 20 48 8b f9 48 8b 0d 30 80 15 00 48 85 c9 74
  0x00007ffdd9bb2fa4:   20 48 8b 01 48 8d 54 24 38 41 b8 06 00 01 00 4c
  0x00007ffdd9bb2fb4:   8b 48 30 41 ff d1 85 c0 75 07 48 8b 4c 24 38 eb
  0x00007ffdd9bb2fc4:   02 33 c9 4c 8b 05 0a 81 15 00 48 89 5c 24 30 4d
  0x00007ffdd9bb2fd4:   85 c0 74 4a 48 8b 01 48 8b d7 4c 8b 88 28 03 00
  0x00007ffdd9bb2fe4:   00 41 ff d1 48 85 c0 74 35 48 63 0d b8 3d 15 00
  0x00007ffdd9bb2ff4:   48 8b 14 01 48 85 d2 74 15 48 63 05 bc 3d 15 00
=>0x00007ffdd9bb3004:   8b 04 10 48 8b 5c 24 30 48 83 c4 20 5f c3 b8 ff
  0x00007ffdd9bb3014:   ff ff ff 48 8b 5c 24 30 48 83 c4 20 5f c3 80 3d
  0x00007ffdd9bb3024:   bb 7f 15 00 00 bb ff ff ff ff 74 20 4c 8b 0d 51
  0x00007ffdd9bb3034:   7c 15 00 4c 8d 44 24 38 48 8b 0d 35 7c 15 00 48
  0x00007ffdd9bb3044:   8b d7 41 ff d1 85 c0 0f 44 5c 24 38 8b c3 48 8b
  0x00007ffdd9bb3054:   5c 24 30 48 83 c4 20 5f c3 cc cc cc cc cc cc cc
  0x00007ffdd9bb3064:   cc cc cc cc cc cc cc cc cc cc cc cc cc cc cc cc
  0x00007ffdd9bb3074:   cc cc cc cc cc cc cc cc cc cc cc cc cc cc cc cc
  0x00007ffdd9bb3084:   cc cc cc cc cc cc cc cc cc cc cc cc 48 89 54 24
  0x00007ffdd9bb3094:   10 53 55 56 57 41 56 41 57 48 83 ec 28 48 8b f2
  0x00007ffdd9bb30a4:   4c 8b f1 48 89 4c 24 78 45 33 ff 44 89 7c 24 68
  0x00007ffdd9bb30b4:   c7 44 24 60 01 00 00 00 48 8d 4c 24 68 e8 69 3c
  0x00007ffdd9bb30c4:   f7 ff 8b d8 48 8d 4c 24 60 e8 5d 3c f7 ff 8b e8
  0x00007ffdd9bb30d4:   49 8b ce e8 33 f3 f6 ff 48 8b f8 90 8b c3 f0 0f
  0x00007ffdd9bb30e4:   b1 2f 74 04 f3 90 eb f4 4c 89 3e 4c 89 7e 08 4c
  0x00007ffdd9bb30f4:   89 7e 10 49 8b 6e 08 4d 8b 76 10 49 3b ee 0f 84


Stack slot to memory mapping:

stack at sp + 0 slots: 0x000000a461fff470 is pointing into the stack for thread: 0x000001c07fdf1e50
stack at sp + 1 slots: 0x000001c0525e3578 points into unknown readable memory: 0x000000061e4000d0 | d0 00 40 1e 06 00 00 00
stack at sp + 2 slots: 0x0 is null
stack at sp + 3 slots: 0x000001c07fdf25a0 points into unknown readable memory: 0x6e616c2e6176616a | 6a 61 76 61 2e 6c 61 6e
stack at sp + 4 slots: 0x0000000000000047 is an unknown value
stack at sp + 5 slots: 0x00007ffdd9bb34db libasyncProfiler.dll
stack at sp + 6 slots: 0x0 is null
stack at sp + 7 slots: 0x000001c07fdf2218 points into unknown readable memory: 0x00007ffddad517b0 | b0 17 d5 da fd 7f 00 00

Lock stack of current Java thread (top to bottom):


---------------  P R O C E S S  ---------------

Threads class SMR info:
_java_thread_list=0x000001c0535d2e80, length=29, elements={
0x000001c065484c40, 0x000001c07fdeac60, 0x000001c07fdeb5a0, 0x000001c07fdf0090,
0x000001c07fdf1e50, 0x000001c07fdf2980, 0x000001c07fdf54c0, 0x000001c07fdf9070,
0x000001c07fe0a9b0, 0x000001c00cc412c0, 0x000001c00ce50900, 0x000001c00ce51390,
0x000001c0524e2fb0, 0x000001c0524e3af0, 0x000001c0524e4230, 0x000001c052aeb3e0,
0x000001c052b8b460, 0x000001c052a05fb0, 0x000001c052c3ae20, 0x000001c052c3bcc0,
0x000001c053014c70, 0x000001c053017100, 0x000001c05b817db0, 0x000001c05c685300,
0x000001c05b8148c0, 0x000001c05b818540, 0x000001c05b819460, 0x000001c05b815f70,
0x000001c05c684460
}

Java Threads: ( => current thread )
  0x000001c065484c40 JavaThread "main"                              [_thread_blocked, id=13696, stack(0x000000a461400000,0x000000a461500000) (1024K)]
  0x000001c07fdeac60 JavaThread "Reference Handler"          daemon [_thread_blocked, id=4076, stack(0x000000a461c00000,0x000000a461d00000) (1024K)]
  0x000001c07fdeb5a0 JavaThread "Finalizer"                  daemon [_thread_blocked, id=12748, stack(0x000000a461d00000,0x000000a461e00000) (1024K)]
  0x000001c07fdf0090 JavaThread "Signal Dispatcher"          daemon [_thread_blocked, id=12892, stack(0x000000a461e00000,0x000000a461f00000) (1024K)]
=>0x000001c07fdf1e50 JavaThread "Attach Listener"            daemon [_thread_in_native, id=5348, stack(0x000000a461f00000,0x000000a462000000) (1024K)]
  0x000001c07fdf2980 JavaThread "Service Thread"             daemon [_thread_blocked, id=7444, stack(0x000000a462000000,0x000000a462100000) (1024K)]
  0x000001c07fdf54c0 JavaThread "Monitor Deflation Thread"   daemon [_thread_blocked, id=11704, stack(0x000000a462100000,0x000000a462200000) (1024K)]
  0x000001c07fdf9070 JavaThread "C2 CompilerThread0"         daemon [_thread_blocked, id=11072, stack(0x000000a462200000,0x000000a462300000) (1024K)]
  0x000001c07fe0a9b0 JavaThread "C1 CompilerThread0"         daemon [_thread_blocked, id=11752, stack(0x000000a462300000,0x000000a462400000) (1024K)]
  0x000001c00cc412c0 JavaThread "Common-Cleaner"             daemon [_thread_blocked, id=448, stack(0x000000a462400000,0x000000a462500000) (1024K)]
  0x000001c00ce50900 JavaThread "Monitor Ctrl-Break"         daemon [_thread_in_native, id=7408, stack(0x000000a462a00000,0x000000a462b00000) (1024K)]
  0x000001c00ce51390 JavaThread "Notification Thread"        daemon [_thread_blocked, id=5736, stack(0x000000a462b00000,0x000000a462c00000) (1024K)]
  0x000001c0524e2fb0 JavaThread "Java2D Disposer"            daemon [_thread_blocked, id=8484, stack(0x000000a462c00000,0x000000a462d00000) (1024K)]
  0x000001c0524e3af0 JavaThread "AWT-Shutdown"                      [_thread_blocked, id=2704, stack(0x000000a462d00000,0x000000a462e00000) (1024K)]
  0x000001c0524e4230 JavaThread "AWT-Windows"                daemon [_thread_in_native, id=2928, stack(0x000000a462e00000,0x000000a462f00000) (1024K)]
  0x000001c052aeb3e0 JavaThread "RMI TCP Accept-0"           daemon [_thread_in_native, id=11412, stack(0x000000a463400000,0x000000a463500000) (1024K)]
  0x000001c052b8b460 JavaThread "RMI TCP Connection(1)-192.168.1.103" daemon [_thread_in_native, id=8356, stack(0x000000a463300000,0x000000a463400000) (1024K)]
  0x000001c052a05fb0 JavaThread "RMI Scheduler(0)"           daemon [_thread_blocked, id=10352, stack(0x000000a463500000,0x000000a463600000) (1024K)]
  0x000001c052c3ae20 JavaThread "JMX server connection timeout 45" daemon [_thread_blocked, id=12776, stack(0x000000a463600000,0x000000a463700000) (1024K)]
  0x000001c052c3bcc0 JavaThread "AWT-EventQueue-0"                  [_thread_blocked, id=3044, stack(0x000000a463800000,0x000000a463900000) (1024K)]
  0x000001c053014c70 JavaThread "D3D Screen Updater"         daemon [_thread_blocked, id=8764, stack(0x000000a463c00000,0x000000a463d00000) (1024K)]
  0x000001c053017100 JavaThread "TimerQueue"                 daemon [_thread_blocked, id=5716, stack(0x000000a463d00000,0x000000a463e00000) (1024K)]
  0x000001c05b817db0 JavaThread "C2 CompilerThread1"         daemon [_thread_blocked, id=2776, stack(0x000000a461300000,0x000000a461400000) (1024K)]
  0x000001c05c685300 JavaThread "JFR Recorder Thread"        daemon [_thread_in_native, id=1236, stack(0x000000a463900000,0x000000a463a00000) (1024K)]
  0x000001c05b8148c0 JavaThread "C1 CompilerThread1"         daemon [_thread_blocked, id=3940, stack(0x000000a463a00000,0x000000a463b00000) (1024K)]
  0x000001c05b818540 JavaThread "C2 CompilerThread2"         daemon [_thread_in_native, id=14024, stack(0x000000a464100000,0x000000a464200000) (1024K)]
  0x000001c05b819460 JavaThread "C1 CompilerThread2"         daemon [_thread_blocked, id=8232, stack(0x000000a464200000,0x000000a464300000) (1024K)]
  0x000001c05b815f70 JavaThread "C1 CompilerThread3"         daemon [_thread_blocked, id=11328, stack(0x000000a464300000,0x000000a464400000) (1024K)]
  0x000001c05c684460 JavaThread "JFR Periodic Tasks"         daemon [_thread_blocked, id=2788, stack(0x000000a464400000,0x000000a464500000) (1024K)]
Total: 29

Other Threads:
  0x000001c07fddb220 VMThread "VM Thread"                           [id=12260, stack(0x000000a461b00000,0x000000a461c00000) (1024K)]
  0x000001c00cbe19e0 WatcherThread "VM Periodic Task Thread"        [id=11212, stack(0x000000a461a00000,0x000000a461b00000) (1024K)]
  0x000001c0678d41b0 WorkerThread "GC Thread#0"                     [id=10264, stack(0x000000a461500000,0x000000a461600000) (1024K)]
  0x000001c052f08520 WorkerThread "GC Thread#1"                     [id=11192, stack(0x000000a462500000,0x000000a462600000) (1024K)]
  0x000001c052f07660 WorkerThread "GC Thread#2"                     [id=4408, stack(0x000000a462600000,0x000000a462700000) (1024K)]
  0x000001c052f07dc0 WorkerThread "GC Thread#3"                     [id=4768, stack(0x000000a4627a0000,0x000000a4628a0000) (1024K)]
  0x000001c052463570 WorkerThread "GC Thread#4"                     [id=13544, stack(0x000000a4628a0000,0x000000a4629a0000) (1024K)]
  0x000001c05245fa70 WorkerThread "GC Thread#5"                     [id=932, stack(0x000000a462f00000,0x000000a463000000) (1024K)]
  0x000001c0524631c0 WorkerThread "GC Thread#6"                     [id=2076, stack(0x000000a463000000,0x000000a463100000) (1024K)]
  0x000001c05245fe20 WorkerThread "GC Thread#7"                     [id=5700, stack(0x000000a463100000,0x000000a463200000) (1024K)]
  0x000001c0524601d0 WorkerThread "GC Thread#8"                     [id=10604, stack(0x000000a463200000,0x000000a463300000) (1024K)]
  0x000001c052461f50 WorkerThread "GC Thread#9"                     [id=4584, stack(0x000000a463e00000,0x000000a463f00000) (1024K)]
  0x000001c052462a60 WorkerThread "GC Thread#10"                    [id=11068, stack(0x000000a463f00000,0x000000a464000000) (1024K)]
  0x000001c052460580 WorkerThread "GC Thread#11"                    [id=10408, stack(0x000000a464000000,0x000000a464100000) (1024K)]
  0x000001c0678ea000 ConcurrentGCThread "G1 Main Marker"            [id=4836, stack(0x000000a461600000,0x000000a461700000) (1024K)]
  0x000001c0678eb2b0 WorkerThread "G1 Conc#0"                       [id=5556, stack(0x000000a461700000,0x000000a461800000) (1024K)]
  0x000001c07fd0f3c0 ConcurrentGCThread "G1 Refine#0"               [id=6588, stack(0x000000a461800000,0x000000a461900000) (1024K)]
  0x000001c07fd0ff40 ConcurrentGCThread "G1 Service"                [id=872, stack(0x000000a461900000,0x000000a461a00000) (1024K)]
Total: 18

Threads with active compile tasks:
C2 CompilerThread2  322753 4660       4       jdk.jfr.internal.MetadataWriter::write (168 bytes)
Total: 1

VM state: not at safepoint (normal execution)

VM Mutex/Monitor currently owned by a thread: None

Heap address: 0x0000000601800000, size: 8168 MB, Compressed Oops mode: Zero based, Oop shift amount: 3

CDS archive(s) mapped at: [0x000001c00d000000-0x000001c00dd40000-0x000001c00dd40000), size 13893632, SharedBaseAddress: 0x000001c00d000000, ArchiveRelocationMode: 1.
Compressed class space mapped at: 0x000001c00e000000-0x000001c04e000000, reserved size: 1073741824
UseCompressedClassPointers 1, UseCompactObjectHeaders 0
Narrow klass pointer bits 32, Max shift 3
Narrow klass base: 0x000001c00d000000, Narrow klass shift: 0
Encoding Range: [0x000001c00d000000 - 0x000001c10d000000), (4294967296 bytes)
Klass Range:    [0x000001c00d000000 - 0x000001c04e000000), (1090519040 bytes)
Klass ID Range:  [8 - 1090519033) (1090519025)

GC Precious Log:
 CardTable entry size: 512
 Card Set container configuration: InlinePtr #cards 4 size 8 Array Of Cards #cards 32 size 80 Howl #buckets 8 coarsen threshold 7372 Howl Bitmap #cards 1024 size 144 coarsen threshold 921 Card regions per heap region 1 cards per card region 8192
 CPUs: 16 total, 16 available
 Memory: 32661M
 Large Page Support: Disabled
 NUMA Support: Disabled
 Compressed Oops: Enabled (Zero based)
 Heap Region Size: 4M
 Heap Min Capacity: 8M
 Heap Initial Capacity: 512M
 Heap Max Capacity: 8168M
 Pre-touch: Disabled
 Parallel Workers: 13
 Concurrent Workers: 3
 Concurrent Refinement Workers: 13
 Periodic GC: Disabled

Heap:
 garbage-first heap   total reserved 8364032K, committed 528384K, used 34355K [0x0000000601800000, 0x0000000800000000)
  region size 4096K, 10 young (40960K), 2 survivors (8192K)
 Metaspace       used 17794K, committed 18112K, reserved 1114112K
  class space    used 1542K, committed 1728K, reserved 1048576K

Heap Regions: E=young(eden), S=young(survivor), O=old, HS=humongous(starts), HC=humongous(continues), CS=collection set, F=free, TAMS=top-at-mark-start, PB=parsable bottom
|   0|0x0000000601800000, 0x0000000601800000, 0x0000000601c00000|  0%| F|  |TAMS 0x0000000601800000| PB 0x0000000601800000| Untracked |  0
|   1|0x0000000601c00000, 0x0000000601c00000, 0x0000000602000000|  0%| F|  |TAMS 0x0000000601c00000| PB 0x0000000601c00000| Untracked |  0
|   2|0x0000000602000000, 0x0000000602000000, 0x0000000602400000|  0%| F|  |TAMS 0x0000000602000000| PB 0x0000000602000000| Untracked |  0
|   3|0x0000000602400000, 0x0000000602400000, 0x0000000602800000|  0%| F|  |TAMS 0x0000000602400000| PB 0x0000000602400000| Untracked |  0
|   4|0x0000000602800000, 0x0000000602800000, 0x0000000602c00000|  0%| F|  |TAMS 0x0000000602800000| PB 0x0000000602800000| Untracked |  0
|   5|0x0000000602c00000, 0x0000000602c00000, 0x0000000603000000|  0%| F|  |TAMS 0x0000000602c00000| PB 0x0000000602c00000| Untracked |  0
|   6|0x0000000603000000, 0x0000000603000000, 0x0000000603400000|  0%| F|  |TAMS 0x0000000603000000| PB 0x0000000603000000| Untracked |  0
|   7|0x0000000603400000, 0x0000000603400000, 0x0000000603800000|  0%| F|  |TAMS 0x0000000603400000| PB 0x0000000603400000| Untracked |  0
|   8|0x0000000603800000, 0x0000000603800000, 0x0000000603c00000|  0%| F|  |TAMS 0x0000000603800000| PB 0x0000000603800000| Untracked |  0
|   9|0x0000000603c00000, 0x0000000603c00000, 0x0000000604000000|  0%| F|  |TAMS 0x0000000603c00000| PB 0x0000000603c00000| Untracked |  0
|  10|0x0000000604000000, 0x0000000604000000, 0x0000000604400000|  0%| F|  |TAMS 0x0000000604000000| PB 0x0000000604000000| Untracked |  0
|  11|0x0000000604400000, 0x0000000604400000, 0x0000000604800000|  0%| F|  |TAMS 0x0000000604400000| PB 0x0000000604400000| Untracked |  0
|  12|0x0000000604800000, 0x0000000604800000, 0x0000000604c00000|  0%| F|  |TAMS 0x0000000604800000| PB 0x0000000604800000| Untracked |  0
|  13|0x0000000604c00000, 0x0000000604c00000, 0x0000000605000000|  0%| F|  |TAMS 0x0000000604c00000| PB 0x0000000604c00000| Untracked |  0
|  14|0x0000000605000000, 0x0000000605000000, 0x0000000605400000|  0%| F|  |TAMS 0x0000000605000000| PB 0x0000000605000000| Untracked |  0
|  15|0x0000000605400000, 0x0000000605400000, 0x0000000605800000|  0%| F|  |TAMS 0x0000000605400000| PB 0x0000000605400000| Untracked |  0
|  16|0x0000000605800000, 0x0000000605800000, 0x0000000605c00000|  0%| F|  |TAMS 0x0000000605800000| PB 0x0000000605800000| Untracked |  0
|  17|0x0000000605c00000, 0x0000000605c00000, 0x0000000606000000|  0%| F|  |TAMS 0x0000000605c00000| PB 0x0000000605c00000| Untracked |  0
|  18|0x0000000606000000, 0x0000000606000000, 0x0000000606400000|  0%| F|  |TAMS 0x0000000606000000| PB 0x0000000606000000| Untracked |  0
|  19|0x0000000606400000, 0x0000000606400000, 0x0000000606800000|  0%| F|  |TAMS 0x0000000606400000| PB 0x0000000606400000| Untracked |  0
|  20|0x0000000606800000, 0x0000000606800000, 0x0000000606c00000|  0%| F|  |TAMS 0x0000000606800000| PB 0x0000000606800000| Untracked |  0
|  21|0x0000000606c00000, 0x0000000606c00000, 0x0000000607000000|  0%| F|  |TAMS 0x0000000606c00000| PB 0x0000000606c00000| Untracked |  0
|  22|0x0000000607000000, 0x0000000607000000, 0x0000000607400000|  0%| F|  |TAMS 0x0000000607000000| PB 0x0000000607000000| Untracked |  0
|  23|0x0000000607400000, 0x0000000607400000, 0x0000000607800000|  0%| F|  |TAMS 0x0000000607400000| PB 0x0000000607400000| Untracked |  0
|  24|0x0000000607800000, 0x0000000607800000, 0x0000000607c00000|  0%| F|  |TAMS 0x0000000607800000| PB 0x0000000607800000| Untracked |  0
|  25|0x0000000607c00000, 0x0000000607c00000, 0x0000000608000000|  0%| F|  |TAMS 0x0000000607c00000| PB 0x0000000607c00000| Untracked |  0
|  26|0x0000000608000000, 0x0000000608000000, 0x0000000608400000|  0%| F|  |TAMS 0x0000000608000000| PB 0x0000000608000000| Untracked |  0
|  27|0x0000000608400000, 0x0000000608400000, 0x0000000608800000|  0%| F|  |TAMS 0x0000000608400000| PB 0x0000000608400000| Untracked |  0
|  28|0x0000000608800000, 0x0000000608800000, 0x0000000608c00000|  0%| F|  |TAMS 0x0000000608800000| PB 0x0000000608800000| Untracked |  0
|  29|0x0000000608c00000, 0x0000000608c00000, 0x0000000609000000|  0%| F|  |TAMS 0x0000000608c00000| PB 0x0000000608c00000| Untracked |  0
|  30|0x0000000609000000, 0x0000000609000000, 0x0000000609400000|  0%| F|  |TAMS 0x0000000609000000| PB 0x0000000609000000| Untracked |  0
|  31|0x0000000609400000, 0x0000000609400000, 0x0000000609800000|  0%| F|  |TAMS 0x0000000609400000| PB 0x0000000609400000| Untracked |  0
|  32|0x0000000609800000, 0x0000000609800000, 0x0000000609c00000|  0%| F|  |TAMS 0x0000000609800000| PB 0x0000000609800000| Untracked |  0
|  33|0x0000000609c00000, 0x0000000609c00000, 0x000000060a000000|  0%| F|  |TAMS 0x0000000609c00000| PB 0x0000000609c00000| Untracked |  0
|  34|0x000000060a000000, 0x000000060a000000, 0x000000060a400000|  0%| F|  |TAMS 0x000000060a000000| PB 0x000000060a000000| Untracked |  0
|  35|0x000000060a400000, 0x000000060a400000, 0x000000060a800000|  0%| F|  |TAMS 0x000000060a400000| PB 0x000000060a400000| Untracked |  0
|  36|0x000000060a800000, 0x000000060a800000, 0x000000060ac00000|  0%| F|  |TAMS 0x000000060a800000| PB 0x000000060a800000| Untracked |  0
|  37|0x000000060ac00000, 0x000000060ac00000, 0x000000060b000000|  0%| F|  |TAMS 0x000000060ac00000| PB 0x000000060ac00000| Untracked |  0
|  38|0x000000060b000000, 0x000000060b000000, 0x000000060b400000|  0%| F|  |TAMS 0x000000060b000000| PB 0x000000060b000000| Untracked |  0
|  39|0x000000060b400000, 0x000000060b400000, 0x000000060b800000|  0%| F|  |TAMS 0x000000060b400000| PB 0x000000060b400000| Untracked |  0
|  40|0x000000060b800000, 0x000000060b800000, 0x000000060bc00000|  0%| F|  |TAMS 0x000000060b800000| PB 0x000000060b800000| Untracked |  0
|  41|0x000000060bc00000, 0x000000060bc00000, 0x000000060c000000|  0%| F|  |TAMS 0x000000060bc00000| PB 0x000000060bc00000| Untracked |  0
|  42|0x000000060c000000, 0x000000060c000000, 0x000000060c400000|  0%| F|  |TAMS 0x000000060c000000| PB 0x000000060c000000| Untracked |  0
|  43|0x000000060c400000, 0x000000060c400000, 0x000000060c800000|  0%| F|  |TAMS 0x000000060c400000| PB 0x000000060c400000| Untracked |  0
|  44|0x000000060c800000, 0x000000060c800000, 0x000000060cc00000|  0%| F|  |TAMS 0x000000060c800000| PB 0x000000060c800000| Untracked |  0
|  45|0x000000060cc00000, 0x000000060cc00000, 0x000000060d000000|  0%| F|  |TAMS 0x000000060cc00000| PB 0x000000060cc00000| Untracked |  0
|  46|0x000000060d000000, 0x000000060d000000, 0x000000060d400000|  0%| F|  |TAMS 0x000000060d000000| PB 0x000000060d000000| Untracked |  0
|  47|0x000000060d400000, 0x000000060d400000, 0x000000060d800000|  0%| F|  |TAMS 0x000000060d400000| PB 0x000000060d400000| Untracked |  0
|  48|0x000000060d800000, 0x000000060d800000, 0x000000060dc00000|  0%| F|  |TAMS 0x000000060d800000| PB 0x000000060d800000| Untracked |  0
|  49|0x000000060dc00000, 0x000000060dc00000, 0x000000060e000000|  0%| F|  |TAMS 0x000000060dc00000| PB 0x000000060dc00000| Untracked |  0
|  50|0x000000060e000000, 0x000000060e000000, 0x000000060e400000|  0%| F|  |TAMS 0x000000060e000000| PB 0x000000060e000000| Untracked |  0
|  51|0x000000060e400000, 0x000000060e400000, 0x000000060e800000|  0%| F|  |TAMS 0x000000060e400000| PB 0x000000060e400000| Untracked |  0
|  52|0x000000060e800000, 0x000000060e800000, 0x000000060ec00000|  0%| F|  |TAMS 0x000000060e800000| PB 0x000000060e800000| Untracked |  0
|  53|0x000000060ec00000, 0x000000060ec00000, 0x000000060f000000|  0%| F|  |TAMS 0x000000060ec00000| PB 0x000000060ec00000| Untracked |  0
|  54|0x000000060f000000, 0x000000060f000000, 0x000000060f400000|  0%| F|  |TAMS 0x000000060f000000| PB 0x000000060f000000| Untracked |  0
|  55|0x000000060f400000, 0x000000060f400000, 0x000000060f800000|  0%| F|  |TAMS 0x000000060f400000| PB 0x000000060f400000| Untracked |  0
|  56|0x000000060f800000, 0x000000060f800000, 0x000000060fc00000|  0%| F|  |TAMS 0x000000060f800000| PB 0x000000060f800000| Untracked |  0
|  57|0x000000060fc00000, 0x000000060fc00000, 0x0000000610000000|  0%| F|  |TAMS 0x000000060fc00000| PB 0x000000060fc00000| Untracked |  0
|  58|0x0000000610000000, 0x0000000610000000, 0x0000000610400000|  0%| F|  |TAMS 0x0000000610000000| PB 0x0000000610000000| Untracked |  0
|  59|0x0000000610400000, 0x0000000610400000, 0x0000000610800000|  0%| F|  |TAMS 0x0000000610400000| PB 0x0000000610400000| Untracked |  0
|  60|0x0000000610800000, 0x0000000610800000, 0x0000000610c00000|  0%| F|  |TAMS 0x0000000610800000| PB 0x0000000610800000| Untracked |  0
|  61|0x0000000610c00000, 0x0000000610c00000, 0x0000000611000000|  0%| F|  |TAMS 0x0000000610c00000| PB 0x0000000610c00000| Untracked |  0
|  62|0x0000000611000000, 0x0000000611000000, 0x0000000611400000|  0%| F|  |TAMS 0x0000000611000000| PB 0x0000000611000000| Untracked |  0
|  63|0x0000000611400000, 0x0000000611400000, 0x0000000611800000|  0%| F|  |TAMS 0x0000000611400000| PB 0x0000000611400000| Untracked |  0
|  64|0x0000000611800000, 0x0000000611800000, 0x0000000611c00000|  0%| F|  |TAMS 0x0000000611800000| PB 0x0000000611800000| Untracked |  0
|  65|0x0000000611c00000, 0x0000000611c00000, 0x0000000612000000|  0%| F|  |TAMS 0x0000000611c00000| PB 0x0000000611c00000| Untracked |  0
|  66|0x0000000612000000, 0x0000000612000000, 0x0000000612400000|  0%| F|  |TAMS 0x0000000612000000| PB 0x0000000612000000| Untracked |  0
|  67|0x0000000612400000, 0x0000000612400000, 0x0000000612800000|  0%| F|  |TAMS 0x0000000612400000| PB 0x0000000612400000| Untracked |  0
|  68|0x0000000612800000, 0x0000000612800000, 0x0000000612c00000|  0%| F|  |TAMS 0x0000000612800000| PB 0x0000000612800000| Untracked |  0
|  69|0x0000000612c00000, 0x0000000612c00000, 0x0000000613000000|  0%| F|  |TAMS 0x0000000612c00000| PB 0x0000000612c00000| Untracked |  0
|  70|0x0000000613000000, 0x0000000613000000, 0x0000000613400000|  0%| F|  |TAMS 0x0000000613000000| PB 0x0000000613000000| Untracked |  0
|  71|0x0000000613400000, 0x0000000613400000, 0x0000000613800000|  0%| F|  |TAMS 0x0000000613400000| PB 0x0000000613400000| Untracked |  0
|  72|0x0000000613800000, 0x0000000613800000, 0x0000000613c00000|  0%| F|  |TAMS 0x0000000613800000| PB 0x0000000613800000| Untracked |  0
|  73|0x0000000613c00000, 0x0000000613c00000, 0x0000000614000000|  0%| F|  |TAMS 0x0000000613c00000| PB 0x0000000613c00000| Untracked |  0
|  74|0x0000000614000000, 0x0000000614000000, 0x0000000614400000|  0%| F|  |TAMS 0x0000000614000000| PB 0x0000000614000000| Untracked |  0
|  75|0x0000000614400000, 0x0000000614400000, 0x0000000614800000|  0%| F|  |TAMS 0x0000000614400000| PB 0x0000000614400000| Untracked |  0
|  76|0x0000000614800000, 0x0000000614800000, 0x0000000614c00000|  0%| F|  |TAMS 0x0000000614800000| PB 0x0000000614800000| Untracked |  0
|  77|0x0000000614c00000, 0x0000000614c00000, 0x0000000615000000|  0%| F|  |TAMS 0x0000000614c00000| PB 0x0000000614c00000| Untracked |  0
|  78|0x0000000615000000, 0x0000000615000000, 0x0000000615400000|  0%| F|  |TAMS 0x0000000615000000| PB 0x0000000615000000| Untracked |  0
|  79|0x0000000615400000, 0x0000000615400000, 0x0000000615800000|  0%| F|  |TAMS 0x0000000615400000| PB 0x0000000615400000| Untracked |  0
|  80|0x0000000615800000, 0x0000000615800000, 0x0000000615c00000|  0%| F|  |TAMS 0x0000000615800000| PB 0x0000000615800000| Untracked |  0
|  81|0x0000000615c00000, 0x0000000615c00000, 0x0000000616000000|  0%| F|  |TAMS 0x0000000615c00000| PB 0x0000000615c00000| Untracked |  0
|  82|0x0000000616000000, 0x0000000616000000, 0x0000000616400000|  0%| F|  |TAMS 0x0000000616000000| PB 0x0000000616000000| Untracked |  0
|  83|0x0000000616400000, 0x0000000616400000, 0x0000000616800000|  0%| F|  |TAMS 0x0000000616400000| PB 0x0000000616400000| Untracked |  0
|  84|0x0000000616800000, 0x0000000616800000, 0x0000000616c00000|  0%| F|  |TAMS 0x0000000616800000| PB 0x0000000616800000| Untracked |  0
|  85|0x0000000616c00000, 0x0000000616c00000, 0x0000000617000000|  0%| F|  |TAMS 0x0000000616c00000| PB 0x0000000616c00000| Untracked |  0
|  86|0x0000000617000000, 0x0000000617000000, 0x0000000617400000|  0%| F|  |TAMS 0x0000000617000000| PB 0x0000000617000000| Untracked |  0
|  87|0x0000000617400000, 0x0000000617400000, 0x0000000617800000|  0%| F|  |TAMS 0x0000000617400000| PB 0x0000000617400000| Untracked |  0
|  88|0x0000000617800000, 0x0000000617800000, 0x0000000617c00000|  0%| F|  |TAMS 0x0000000617800000| PB 0x0000000617800000| Untracked |  0
|  89|0x0000000617c00000, 0x0000000617c00000, 0x0000000618000000|  0%| F|  |TAMS 0x0000000617c00000| PB 0x0000000617c00000| Untracked |  0
|  90|0x0000000618000000, 0x0000000618000000, 0x0000000618400000|  0%| F|  |TAMS 0x0000000618000000| PB 0x0000000618000000| Untracked |  0
|  91|0x0000000618400000, 0x0000000618400000, 0x0000000618800000|  0%| F|  |TAMS 0x0000000618400000| PB 0x0000000618400000| Untracked |  0
|  92|0x0000000618800000, 0x0000000618800000, 0x0000000618c00000|  0%| F|  |TAMS 0x0000000618800000| PB 0x0000000618800000| Untracked |  0
|  93|0x0000000618c00000, 0x0000000618c00000, 0x0000000619000000|  0%| F|  |TAMS 0x0000000618c00000| PB 0x0000000618c00000| Untracked |  0
|  94|0x0000000619000000, 0x0000000619000000, 0x0000000619400000|  0%| F|  |TAMS 0x0000000619000000| PB 0x0000000619000000| Untracked |  0
|  95|0x0000000619400000, 0x0000000619400000, 0x0000000619800000|  0%| F|  |TAMS 0x0000000619400000| PB 0x0000000619400000| Untracked |  0
|  96|0x0000000619800000, 0x0000000619800000, 0x0000000619c00000|  0%| F|  |TAMS 0x0000000619800000| PB 0x0000000619800000| Untracked |  0
|  97|0x0000000619c00000, 0x0000000619c00000, 0x000000061a000000|  0%| F|  |TAMS 0x0000000619c00000| PB 0x0000000619c00000| Untracked |  0
|  98|0x000000061a000000, 0x000000061a000000, 0x000000061a400000|  0%| F|  |TAMS 0x000000061a000000| PB 0x000000061a000000| Untracked |  0
|  99|0x000000061a400000, 0x000000061a400000, 0x000000061a800000|  0%| F|  |TAMS 0x000000061a400000| PB 0x000000061a400000| Untracked |  0
| 100|0x000000061a800000, 0x000000061a800000, 0x000000061ac00000|  0%| F|  |TAMS 0x000000061a800000| PB 0x000000061a800000| Untracked |  0
| 101|0x000000061ac00000, 0x000000061ac00000, 0x000000061b000000|  0%| F|  |TAMS 0x000000061ac00000| PB 0x000000061ac00000| Untracked |  0
| 102|0x000000061b000000, 0x000000061b000000, 0x000000061b400000|  0%| F|  |TAMS 0x000000061b000000| PB 0x000000061b000000| Untracked |  0
| 103|0x000000061b400000, 0x000000061b400000, 0x000000061b800000|  0%| F|  |TAMS 0x000000061b400000| PB 0x000000061b400000| Untracked |  0
| 104|0x000000061b800000, 0x000000061b800000, 0x000000061bc00000|  0%| F|  |TAMS 0x000000061b800000| PB 0x000000061b800000| Untracked |  0
| 105|0x000000061bc00000, 0x000000061bc00000, 0x000000061c000000|  0%| F|  |TAMS 0x000000061bc00000| PB 0x000000061bc00000| Untracked |  0
| 106|0x000000061c000000, 0x000000061c000000, 0x000000061c400000|  0%| F|  |TAMS 0x000000061c000000| PB 0x000000061c000000| Untracked |  0
| 107|0x000000061c400000, 0x000000061c400000, 0x000000061c800000|  0%| F|  |TAMS 0x000000061c400000| PB 0x000000061c400000| Untracked |  0
| 108|0x000000061c800000, 0x000000061c800000, 0x000000061cc00000|  0%| F|  |TAMS 0x000000061c800000| PB 0x000000061c800000| Untracked |  0
| 109|0x000000061cc00000, 0x000000061cc00000, 0x000000061d000000|  0%| F|  |TAMS 0x000000061cc00000| PB 0x000000061cc00000| Untracked |  0
| 110|0x000000061d000000, 0x000000061d000000, 0x000000061d400000|  0%| F|  |TAMS 0x000000061d000000| PB 0x000000061d000000| Untracked |  0
| 111|0x000000061d400000, 0x000000061d400000, 0x000000061d800000|  0%| F|  |TAMS 0x000000061d400000| PB 0x000000061d400000| Untracked |  0
| 112|0x000000061d800000, 0x000000061d800000, 0x000000061dc00000|  0%| F|  |TAMS 0x000000061d800000| PB 0x000000061d800000| Untracked |  0
| 113|0x000000061dc00000, 0x000000061dc00000, 0x000000061e000000|  0%| F|  |TAMS 0x000000061dc00000| PB 0x000000061dc00000| Untracked |  0
| 114|0x000000061e000000, 0x000000061e070a88, 0x000000061e400000| 11%| S|CS|TAMS 0x000000061e000000| PB 0x000000061e000000| Complete |  0
| 115|0x000000061e400000, 0x000000061e800000, 0x000000061e800000|100%| S|CS|TAMS 0x000000061e400000| PB 0x000000061e400000| Complete |  0
| 116|0x000000061e800000, 0x000000061e800000, 0x000000061ec00000|  0%| F|  |TAMS 0x000000061e800000| PB 0x000000061e800000| Untracked |  0
| 117|0x000000061ec00000, 0x000000061ec00000, 0x000000061f000000|  0%| F|  |TAMS 0x000000061ec00000| PB 0x000000061ec00000| Untracked |  0
| 118|0x000000061f000000, 0x000000061f000000, 0x000000061f400000|  0%| F|  |TAMS 0x000000061f000000| PB 0x000000061f000000| Untracked |  0
| 119|0x000000061f400000, 0x000000061f400000, 0x000000061f800000|  0%| F|  |TAMS 0x000000061f400000| PB 0x000000061f400000| Untracked |  0
| 120|0x000000061f800000, 0x000000061fb7dba8, 0x000000061fc00000| 87%| E|  |TAMS 0x000000061f800000| PB 0x000000061f800000| Complete |  0
| 121|0x000000061fc00000, 0x0000000620000000, 0x0000000620000000|100%| E|CS|TAMS 0x000000061fc00000| PB 0x000000061fc00000| Complete |  0
| 122|0x0000000620000000, 0x0000000620400000, 0x0000000620400000|100%| E|CS|TAMS 0x0000000620000000| PB 0x0000000620000000| Complete |  0
| 123|0x0000000620400000, 0x0000000620800000, 0x0000000620800000|100%| E|CS|TAMS 0x0000000620400000| PB 0x0000000620400000| Complete |  0
| 124|0x0000000620800000, 0x0000000620c00000, 0x0000000620c00000|100%| E|CS|TAMS 0x0000000620800000| PB 0x0000000620800000| Complete |  0
| 125|0x0000000620c00000, 0x0000000621000000, 0x0000000621000000|100%| E|CS|TAMS 0x0000000620c00000| PB 0x0000000620c00000| Complete |  0
| 126|0x0000000621000000, 0x0000000621400000, 0x0000000621400000|100%| E|CS|TAMS 0x0000000621000000| PB 0x0000000621000000| Complete |  0
| 127|0x0000000621400000, 0x0000000621800000, 0x0000000621800000|100%| E|CS|TAMS 0x0000000621400000| PB 0x0000000621400000| Complete |  0
|2041|0x00000007ffc00000, 0x00000007ffd1c348, 0x0000000800000000| 27%| O|  |TAMS 0x00000007ffc00000| PB 0x00000007ffc00000| Untracked |  0

Card table byte_map: [0x000001c001000000,0x000001c002000000] _byte_map_base: 0x000001bffdff4000

Marking Bits: (CMBitMap*) 0x000001c0678d48c0
 Bits: [0x000001c002000000, 0x000001c009fa0000)

Polling page: 0x000001c066ff0000

Metaspace:

Usage:
  Non-class:     15.87 MB used.
      Class:      1.51 MB used.
       Both:     17.38 MB used.

Virtual space:
  Non-class space:       64.00 MB reserved,      16.00 MB ( 25%) committed,  1 nodes.
      Class space:        1.00 GB reserved,       1.69 MB ( <1%) committed,  1 nodes.
             Both:        1.06 GB reserved,      17.69 MB (  2%) committed. 

Chunk freelists:
   Non-Class:  5.00 KB
       Class:  14.24 MB
        Both:  14.24 MB

MaxMetaspaceSize: unlimited
CompressedClassSpaceSize: 1.00 GB
Initial GC threshold: 21.00 MB
Current GC threshold: 21.00 MB
CDS: on
 - commit_granule_bytes: 65536.
 - commit_granule_words: 8192.
 - virtual_space_node_default_size: 8388608.
 - enlarge_chunks_in_place: 1.
UseCompressedClassPointers 1, UseCompactObjectHeaders 0
Narrow klass pointer bits 32, Max shift 3
Narrow klass base: 0x000001c00d000000, Narrow klass shift: 0
Encoding Range: [0x000001c00d000000 - 0x000001c10d000000), (4294967296 bytes)
Klass Range:    [0x000001c00d000000 - 0x000001c04e000000), (1090519040 bytes)
Klass ID Range:  [8 - 1090519033) (1090519025)


Internal statistics:

num_allocs_failed_limit: 0.
num_arena_births: 368.
num_arena_deaths: 0.
num_vsnodes_births: 2.
num_vsnodes_deaths: 0.
num_space_committed: 283.
num_space_uncommitted: 0.
num_chunks_returned_to_freelist: 0.
num_chunks_taken_from_freelist: 482.
num_chunk_merges: 0.
num_chunk_splits: 302.
num_chunks_enlarged: 159.
num_inconsistent_stats: 0.

CodeHeap 'non-profiled nmethods': size=119232Kb used=1521Kb max_used=1521Kb free=117710Kb
 bounds [0x000001c077c60000, 0x000001c077ed0000, 0x000001c07f0d0000]
CodeHeap 'profiled nmethods': size=119104Kb used=8726Kb max_used=8726Kb free=110377Kb
 bounds [0x000001c0700d0000, 0x000001c070960000, 0x000001c077520000]
CodeHeap 'non-nmethods': size=7424Kb used=3269Kb max_used=3329Kb free=4154Kb
 bounds [0x000001c077520000, 0x000001c077870000, 0x000001c077c60000]
CodeCache: size=245760Kb, used=13516Kb, max_used=13576Kb, free=232241Kb
 total_blobs=5440, nmethods=4684, adapters=656, full_count=0
Compilation: enabled, stopped_count=0, restarted_count=0

Compilation events (20 events):
Event: 322.525 Thread 0x000001c05b815f70 4681       3       jdk.jfr.internal.Control::apply (10 bytes)
Event: 322.525 Thread 0x000001c07fe0a9b0 4682       3       jdk.jfr.internal.Control::findCombine (121 bytes)
Event: 322.525 Thread 0x000001c05b815f70 nmethod 4681 0x000001c070951a08 code [0x000001c070951b40, 0x000001c070951d48]
Event: 322.525 Thread 0x000001c05b8148c0 nmethod 4680 0x000001c070951d88 code [0x000001c070951ee0, 0x000001c0709523a8]
Event: 322.526 Thread 0x000001c07fe0a9b0 nmethod 4682 0x000001c070952408 code [0x000001c070952620, 0x000001c070953608]
Event: 322.526 Thread 0x000001c05b819460 nmethod 4679 0x000001c070953688 code [0x000001c070953920, 0x000001c070954d78]
Event: 322.527 Thread 0x000001c05b817db0 nmethod 4640 0x000001c077dd8608 code [0x000001c077dd8820, 0x000001c077dd9348]
Event: 322.527 Thread 0x000001c05b817db0 4657       4       java.io.DataOutputStream::incCount (20 bytes)
Event: 322.527 Thread 0x000001c05b817db0 nmethod 4657 0x000001c077dd9408 code [0x000001c077dd9500, 0x000001c077dd9598]
Event: 322.527 Thread 0x000001c05b817db0 4655       4       java.util.LinkedHashMap::get (29 bytes)
Event: 322.528 Thread 0x000001c07fdf9070 nmethod 4652 0x000001c077dd9708 code [0x000001c077dd99c0, 0x000001c077ddb878]
Event: 322.531 Thread 0x000001c05b817db0 nmethod 4655 0x000001c077ddb988 code [0x000001c077ddbae0, 0x000001c077ddc050]
Event: 322.533 Thread 0x000001c07fe0a9b0 4683       1       jdk.jfr.internal.periodic.EventTask::getEventType (5 bytes)
Event: 322.533 Thread 0x000001c07fe0a9b0 nmethod 4683 0x000001c077ddc088 code [0x000001c077ddc180, 0x000001c077ddc248]
Event: 322.533 Thread 0x000001c05b8148c0 4684       1       jdk.jfr.internal.periodic.PeriodicTask::getPeriod (5 bytes)
Event: 322.533 Thread 0x000001c07fe0a9b0 4685       3       java.util.Comparator$$Lambda/0x000001c00e184d20::compare (10 bytes)
Event: 322.533 Thread 0x000001c05b815f70 4686       3       java.util.Comparator::lambda$comparingLong$6043328a$1 (18 bytes)
Event: 322.533 Thread 0x000001c05b8148c0 nmethod 4684 0x000001c077ddc388 code [0x000001c077ddc480, 0x000001c077ddc548]
Event: 322.533 Thread 0x000001c05b815f70 nmethod 4686 0x000001c070954e08 code [0x000001c070954f60, 0x000001c070955340]
Event: 322.533 Thread 0x000001c07fe0a9b0 nmethod 4685 0x000001c070955388 code [0x000001c0709554e0, 0x000001c070955958]

GC Heap History (2 events):
Event: 40.292 GC heap before
{Heap before GC invocations=0 (full 0):
 garbage-first heap   total reserved 8364032K, committed 528384K, used 50288K [0x0000000601800000, 0x0000000800000000)
  region size 4096K, 12 young (49152K), 0 survivors (0K)
 Metaspace       used 15673K, committed 15936K, reserved 1114112K
  class space    used 1393K, committed 1536K, reserved 1048576K
}
Event: 40.295 GC heap after
{Heap after GC invocations=1 (full 0):
 garbage-first heap   total reserved 8364032K, committed 528384K, used 5683K [0x0000000601800000, 0x0000000800000000)
  region size 4096K, 2 young (8192K), 2 survivors (8192K)
 Metaspace       used 15673K, committed 15936K, reserved 1114112K
  class space    used 1393K, committed 1536K, reserved 1048576K
}

Dll operation events (15 events):
Event: 0.006 Loaded shared library C:\Users\USER\.jdks\openjdk-24\bin\java.dll
Event: 0.023 Loaded shared library C:\Users\USER\.jdks\openjdk-24\bin\jsvml.dll
Event: 0.048 Loaded shared library C:\Users\USER\.jdks\openjdk-24\bin\zip.dll
Event: 0.050 Loaded shared library C:\Users\USER\.jdks\openjdk-24\bin\instrument.dll
Event: 0.054 Loaded shared library C:\Users\USER\.jdks\openjdk-24\bin\net.dll
Event: 0.055 Loaded shared library C:\Users\USER\.jdks\openjdk-24\bin\nio.dll
Event: 0.058 Loaded shared library C:\Users\USER\.jdks\openjdk-24\bin\zip.dll
Event: 0.069 Loaded shared library C:\Users\USER\.jdks\openjdk-24\bin\jimage.dll
Event: 0.075 Loaded shared library C:\Users\USER\.jdks\openjdk-24\bin\extnet.dll
Event: 0.079 Loaded shared library C:\Users\USER\.jdks\openjdk-24\bin\awt.dll
Event: 0.124 Loaded shared library C:\Users\USER\.jdks\openjdk-24\bin\management.dll
Event: 0.130 Loaded shared library C:\Users\USER\.jdks\openjdk-24\bin\management_ext.dll
Event: 0.228 Loaded shared library C:\Users\USER\.jdks\openjdk-24\bin\freetype.dll
Event: 0.229 Loaded shared library C:\Users\USER\.jdks\openjdk-24\bin\fontmanager.dll
Event: 322.369 Loaded shared library C:\Users\USER\AppData\Local\Temp\idea_libasyncProfiler_dll_temp_folder2\libasyncProfiler.dll

Deoptimization events (20 events):
Event: 322.466 Thread 0x000001c07fdf1e50 Uncommon trap: trap_request=0xffffffde fr.pc=0x000001c077dc2f90 relative=0x0000000000000070
Event: 322.466 Thread 0x000001c07fdf1e50 Uncommon trap: reason=class_check action=maybe_recompile pc=0x000001c077dc2f90 method=jdk.jfr.FlightRecorderPermission$InternalAccess.getType(Ljava/lang/Object;)Ljdk/jfr/internal/Type; @ 18 c2
Event: 322.466 Thread 0x000001c07fdf1e50 DEOPT PACKING pc=0x000001c077dc2f90 sp=0x000000a461ffe860
Event: 322.466 Thread 0x000001c07fdf1e50 DEOPT UNPACKING pc=0x000001c077636382 sp=0x000000a461ffe7f8 mode 2
Event: 322.492 Thread 0x000001c07fdf1e50 Uncommon trap: trap_request=0xffffff76 fr.pc=0x000001c077dcdca0 relative=0x0000000000000100
Event: 322.492 Thread 0x000001c07fdf1e50 Uncommon trap: reason=predicate action=maybe_recompile pc=0x000001c077dcdca0 method=java.util.Arrays.fill([Ljava/lang/Object;Ljava/lang/Object;)V @ 7 c2
Event: 322.492 Thread 0x000001c07fdf1e50 DEOPT PACKING pc=0x000001c077dcdca0 sp=0x000000a461ffd270
Event: 322.492 Thread 0x000001c07fdf1e50 DEOPT UNPACKING pc=0x000001c077636382 sp=0x000000a461ffd1e8 mode 2
Event: 322.509 Thread 0x000001c07fdf1e50 Uncommon trap: trap_request=0xffffff4d fr.pc=0x000001c077dd1b08 relative=0x0000000000000188
Event: 322.509 Thread 0x000001c07fdf1e50 Uncommon trap: reason=unstable_if action=reinterpret pc=0x000001c077dd1b08 method=jdk.internal.util.DecimalDigits.stringSize(J)I @ 5 c2
Event: 322.509 Thread 0x000001c07fdf1e50 DEOPT PACKING pc=0x000001c077dd1b08 sp=0x000000a461ffeac0
Event: 322.509 Thread 0x000001c07fdf1e50 DEOPT UNPACKING pc=0x000001c077636382 sp=0x000000a461ffea30 mode 2
Event: 322.514 Thread 0x000001c07fdf1e50 Uncommon trap: trap_request=0xffffff4d fr.pc=0x000001c077dd44ac relative=0x000000000000020c
Event: 322.514 Thread 0x000001c07fdf1e50 Uncommon trap: reason=unstable_if action=reinterpret pc=0x000001c077dd44ac method=java.io.ByteArrayOutputStream.ensureCapacity(I)V @ 11 c2
Event: 322.514 Thread 0x000001c07fdf1e50 DEOPT PACKING pc=0x000001c077dd44ac sp=0x000000a461ffe9f0
Event: 322.514 Thread 0x000001c07fdf1e50 DEOPT UNPACKING pc=0x000001c077636382 sp=0x000000a461ffe928 mode 2
Event: 322.517 Thread 0x000001c07fdf1e50 Uncommon trap: trap_request=0xffffff4d fr.pc=0x000001c077dd4a70 relative=0x00000000000003d0
Event: 322.517 Thread 0x000001c07fdf1e50 Uncommon trap: reason=unstable_if action=reinterpret pc=0x000001c077dd4a70 method=java.io.ByteArrayOutputStream.ensureCapacity(I)V @ 11 c2
Event: 322.517 Thread 0x000001c07fdf1e50 DEOPT PACKING pc=0x000001c077dd4a70 sp=0x000000a461ffe830
Event: 322.517 Thread 0x000001c07fdf1e50 DEOPT UNPACKING pc=0x000001c077636382 sp=0x000000a461ffe710 mode 2

Classes loaded (20 events):
Event: 322.504 Loading class jdk/jfr/internal/MetadataWriter
Event: 322.504 Loading class jdk/jfr/internal/MetadataWriter done
Event: 322.504 Loading class jdk/jfr/internal/MetadataDescriptor$Element
Event: 322.504 Loading class jdk/jfr/internal/MetadataDescriptor$Element done
Event: 322.504 Loading class jdk/jfr/internal/MetadataDescriptor$Attribute
Event: 322.505 Loading class jdk/jfr/internal/MetadataDescriptor$Attribute done
Event: 322.511 Loading class jdk/jfr/internal/consumer/StringParser$Encoding
Event: 322.512 Loading class jdk/jfr/internal/consumer/StringParser$Encoding done
Event: 322.520 Loading class jdk/jfr/internal/consumer/RepositoryFiles
Event: 322.520 Loading class jdk/jfr/internal/consumer/RepositoryFiles done
Event: 322.522 Loading class jdk/jfr/internal/SettingsManager$InternalSetting
Event: 322.522 Loading class jdk/jfr/internal/SettingsManager$InternalSetting done
Event: 322.524 Loading class jdk/jfr/internal/util/Rate
Event: 322.524 Loading class jdk/jfr/internal/util/Rate done
Event: 322.524 Loading class jdk/jfr/internal/util/TimespanUnit
Event: 322.524 Loading class jdk/jfr/internal/util/TimespanUnit done
Event: 322.524 Loading class jdk/jfr/internal/util/ValueParser
Event: 322.524 Loading class jdk/jfr/internal/util/ValueParser done
Event: 322.525 Loading class jdk/jfr/internal/periodic/PeriodicType
Event: 322.525 Loading class jdk/jfr/internal/periodic/PeriodicType done

Classes unloaded (0 events):
No events

Classes redefined (0 events):
No events

Internal exceptions (20 events):
Event: 0.405 Thread 0x000001c065484c40 Exception <a 'java/lang/NoSuchMethodError'{0x00000006200c9b58}: 'java.lang.Object java.lang.invoke.DirectMethodHandle$Holder.invokeStatic(java.lang.Object, java.lang.Object, java.lang.Object, java.lang.Object, java.lang.Object, long)'> (0x00000006200c9b58) 
thrown [s\open\src\hotspot\share\interpreter\linkResolver.cpp, line 805]
Event: 0.407 Thread 0x000001c065484c40 Exception <a 'java/lang/NoSuchMethodError'{0x000000061ffef398}: 'float java.lang.invoke.DelegatingMethodHandle$Holder.reinvoke_L(java.lang.Object, java.lang.Object, java.lang.Object, java.lang.Object, long, long)'> (0x000000061ffef398) 
thrown [s\open\src\hotspot\share\interpreter\linkResolver.cpp, line 805]
Event: 0.444 Thread 0x000001c0524e4230 Exception <a 'java/lang/NoSuchMethodError'{0x00000006212f14e8}: 'void java.lang.invoke.DirectMethodHandle$Holder.invokeVirtual(java.lang.Object, java.lang.Object)'> (0x00000006212f14e8) 
thrown [s\open\src\hotspot\share\interpreter\linkResolver.cpp, line 805]
Event: 0.454 Thread 0x000001c065484c40 Exception <a 'java/lang/NoSuchMethodError'{0x000000061f88bb30}: 'void java.lang.invoke.DirectMethodHandle$Holder.invokeStaticInit(java.lang.Object)'> (0x000000061f88bb30) 
thrown [s\open\src\hotspot\share\interpreter\linkResolver.cpp, line 805]
Event: 0.501 Thread 0x000001c052c3bcc0 Exception <a 'java/lang/NoSuchMethodError'{0x000000061f916250}: 'void java.lang.invoke.DelegatingMethodHandle$Holder.reinvoke_L(java.lang.Object, java.lang.Object, java.lang.Object, java.lang.Object, long, long, int)'> (0x000000061f916250) 
thrown [s\open\src\hotspot\share\interpreter\linkResolver.cpp, line 805]
Event: 0.502 Thread 0x000001c052c3bcc0 Exception <a 'java/lang/NoSuchMethodError'{0x000000061f940ae8}: 'void java.lang.invoke.DelegatingMethodHandle$Holder.reinvoke_L(java.lang.Object, java.lang.Object, java.lang.Object, java.lang.Object, long, long, long)'> (0x000000061f940ae8) 
thrown [s\open\src\hotspot\share\interpreter\linkResolver.cpp, line 805]
Event: 0.514 Thread 0x000001c065484c40 Exception <a 'java/lang/NoSuchMethodError'{0x000000061f8e82a0}: 'int java.lang.invoke.DirectMethodHandle$Holder.invokeStatic(java.lang.Object)'> (0x000000061f8e82a0) 
thrown [s\open\src\hotspot\share\interpreter\linkResolver.cpp, line 805]
Event: 0.525 Thread 0x000001c052c3bcc0 Exception <a 'java/lang/NoSuchMethodError'{0x000000061f996c98}: 'void java.lang.invoke.DelegatingMethodHandle$Holder.reinvoke_L(java.lang.Object, java.lang.Object, java.lang.Object, java.lang.Object, long, long, double)'> (0x000000061f996c98) 
thrown [s\open\src\hotspot\share\interpreter\linkResolver.cpp, line 805]
Event: 0.614 Thread 0x000001c052b8b460 Exception <a 'java/lang/NoSuchMethodError'{0x000000061ff94728}: 'long java.lang.invoke.DirectMethodHandle$Holder.invokeVirtual(java.lang.Object, java.lang.Object)'> (0x000000061ff94728) 
thrown [s\open\src\hotspot\share\interpreter\linkResolver.cpp, line 805]
Event: 0.614 Thread 0x000001c052b8b460 Exception <a 'java/lang/NoSuchMethodError'{0x000000061ffa49d8}: 'long java.lang.invoke.DelegatingMethodHandle$Holder.reinvoke_L(java.lang.Object, java.lang.Object)'> (0x000000061ffa49d8) 
thrown [s\open\src\hotspot\share\interpreter\linkResolver.cpp, line 805]
Event: 16.447 Thread 0x000001c052c3bcc0 Exception <a 'java/lang/NoSuchMethodError'{0x000000061edaaf60}: 'void java.lang.invoke.DirectMethodHandle$Holder.invokeSpecial(java.lang.Object, java.lang.Object, java.lang.Object, java.lang.Object, java.lang.Object)'> (0x000000061edaaf60) 
thrown [s\open\src\hotspot\share\interpreter\linkResolver.cpp, line 805]
Event: 29.335 Thread 0x000001c065484c40 Exception <a 'java/lang/NoSuchMethodError'{0x000000061fa9a360}: 'java.lang.Object java.lang.invoke.DelegatingMethodHandle$Holder.reinvoke_L(java.lang.Object, java.lang.Object, int, java.lang.Object, java.lang.Object, int, java.lang.Object)'> (0x000000061fa9a360) 
thrown [s\open\src\hotspot\share\interpreter\linkResolver.cpp, line 805]
Event: 322.428 Thread 0x000001c07fdf1e50 Exception <a 'java/lang/NoSuchMethodError'{0x00000006201bc578}: 'int java.lang.invoke.DirectMethodHandle$Holder.invokeStatic(java.lang.Object, java.lang.Object, java.lang.Object, java.lang.Object)'> (0x00000006201bc578) 
thrown [s\open\src\hotspot\share\interpreter\linkResolver.cpp, line 805]
Event: 322.491 Thread 0x000001c07fdf1e50 Exception <a 'java/lang/NoSuchMethodError'{0x000000061fef6180}: 'void java.lang.invoke.DirectMethodHandle$Holder.invokeSpecial(java.lang.Object, java.lang.Object, int)'> (0x000000061fef6180) 
thrown [s\open\src\hotspot\share\interpreter\linkResolver.cpp, line 805]
Event: 322.491 Thread 0x000001c07fdf1e50 Exception <a 'java/lang/NoSuchMethodError'{0x000000061fefdda0}: 'void java.lang.invoke.Invokers$Holder.invokeExact_MT(java.lang.Object, int, java.lang.Object)'> (0x000000061fefdda0) 
thrown [s\open\src\hotspot\share\interpreter\linkResolver.cpp, line 805]
Event: 322.492 Thread 0x000001c07fdf1e50 Exception <a 'java/lang/NoSuchMethodError'{0x000000061ff18268}: 'void java.lang.invoke.DirectMethodHandle$Holder.invokeStatic(java.lang.Object, java.lang.Object, int)'> (0x000000061ff18268) 
thrown [s\open\src\hotspot\share\interpreter\linkResolver.cpp, line 805]
Event: 322.492 Thread 0x000001c07fdf1e50 Exception <a 'java/lang/NoSuchMethodError'{0x000000061ff27760}: 'java.lang.Object java.lang.invoke.DirectMethodHandle$Holder.newInvokeSpecial(java.lang.Object, java.lang.Object, int)'> (0x000000061ff27760) 
thrown [s\open\src\hotspot\share\interpreter\linkResolver.cpp, line 805]
Event: 322.496 Thread 0x000001c07fdf1e50 Exception <a 'sun/nio/fs/WindowsException'{0x000000061ff5b6e0}> (0x000000061ff5b6e0) 
thrown [s\open\src\hotspot\share\prims\jni.cpp, line 518]
Event: 322.498 Thread 0x000001c07fdf1e50 Exception <a 'sun/nio/fs/WindowsException'{0x000000061ff684e8}> (0x000000061ff684e8) 
thrown [s\open\src\hotspot\share\prims\jni.cpp, line 518]
Event: 322.501 Thread 0x000001c07fdf1e50 Exception <a 'sun/nio/fs/WindowsException'{0x000000061ff7a288}> (0x000000061ff7a288) 
thrown [s\open\src\hotspot\share\prims\jni.cpp, line 518]

VM Operations (20 events):
Event: 0.397 Executing VM operation: HandshakeAllThreads (Deoptimize)
Event: 0.397 Executing VM operation: HandshakeAllThreads (Deoptimize) done
Event: 0.434 Executing VM operation: HandshakeAllThreads (Deoptimize)
Event: 0.434 Executing VM operation: HandshakeAllThreads (Deoptimize) done
Event: 0.440 Executing VM operation: HandshakeAllThreads (Deoptimize)
Event: 0.440 Executing VM operation: HandshakeAllThreads (Deoptimize) done
Event: 40.292 Executing VM operation: G1CollectForAllocation (G1 Evacuation Pause)
Event: 40.295 Executing VM operation: G1CollectForAllocation (G1 Evacuation Pause) done
Event: 60.125 Executing VM operation: HandshakeAllThreads (HandshakeForDeflation)
Event: 60.125 Executing VM operation: HandshakeAllThreads (HandshakeForDeflation) done
Event: 60.125 Executing VM operation: RendezvousGCThreads
Event: 60.125 Executing VM operation: RendezvousGCThreads done
Event: 120.233 Executing VM operation: HandshakeAllThreads (HandshakeForDeflation)
Event: 120.233 Executing VM operation: HandshakeAllThreads (HandshakeForDeflation) done
Event: 120.233 Executing VM operation: RendezvousGCThreads
Event: 120.233 Executing VM operation: RendezvousGCThreads done
Event: 322.494 Executing VM operation: HandshakeAllThreads (Deoptimize)
Event: 322.494 Executing VM operation: HandshakeAllThreads (Deoptimize) done
Event: 322.521 Executing VM operation: JFRSafepointClear
Event: 322.521 Executing VM operation: JFRSafepointClear done

Memory protections (0 events):
No events

Nmethod flushes (0 events):
No events

Events (20 events):
Event: 47.220 Thread 0x000001c05b8148c0 Thread exited: 0x000001c05b8148c0
Event: 58.610 Thread 0x000001c07fe0a9b0 Thread added: 0x000001c05b8148c0
Event: 61.639 Thread 0x000001c05b8148c0 Thread exited: 0x000001c05b8148c0
Event: 79.424 Thread 0x000001c07fe0a9b0 Thread added: 0x000001c05b8148c0
Event: 80.960 Thread 0x000001c05b8148c0 Thread exited: 0x000001c05b8148c0
Event: 83.939 Thread 0x000001c07fe0a9b0 Thread added: 0x000001c05b817620
Event: 85.784 Thread 0x000001c05b817620 Thread exited: 0x000001c05b817620
Event: 135.614 Thread 0x000001c07fe0a9b0 Thread added: 0x000001c05b815f70
Event: 139.900 Thread 0x000001c05b815f70 Thread exited: 0x000001c05b815f70
Event: 205.274 Thread 0x000001c07fe0a9b0 Thread added: 0x000001c05b816e90
Event: 205.274 Thread 0x000001c07fe0a9b0 Thread added: 0x000001c05b816700
Event: 206.275 Thread 0x000001c05b816700 Thread exited: 0x000001c05b816700
Event: 207.425 Thread 0x000001c05b816e90 Thread exited: 0x000001c05b816e90
Event: 322.384 Thread 0x000001c07fe0a9b0 Thread added: 0x000001c05b817db0
Event: 322.396 Thread 0x000001c07fdf1e50 Thread added: 0x000001c05c685300
Event: 322.411 Thread 0x000001c07fe0a9b0 Thread added: 0x000001c05b8148c0
Event: 322.437 Thread 0x000001c07fe0a9b0 Thread added: 0x000001c05b818540
Event: 322.463 Thread 0x000001c05b818540 Thread added: 0x000001c05b819460
Event: 322.463 Thread 0x000001c05b818540 Thread added: 0x000001c05b815f70
Event: 322.493 Thread 0x000001c07fdf1e50 Thread added: 0x000001c05c684460


Dynamic libraries:
0x00007ff64c170000 - 0x00007ff64c17e000 	C:\Users\USER\.jdks\openjdk-24\bin\java.exe
0x00007ffe13d00000 - 0x00007ffe13f66000 	C:\WINDOWS\SYSTEM32\ntdll.dll
0x00007ffe126d0000 - 0x00007ffe12799000 	C:\WINDOWS\System32\KERNEL32.DLL
0x00007ffe113a0000 - 0x00007ffe1176c000 	C:\WINDOWS\System32\KERNELBASE.dll
0x00007ffe11250000 - 0x00007ffe1139b000 	C:\WINDOWS\System32\ucrtbase.dll
0x00007ffe0de30000 - 0x00007ffe0de46000 	C:\Users\USER\.jdks\openjdk-24\bin\jli.dll
0x00007ffe0de10000 - 0x00007ffe0de2b000 	C:\Users\USER\.jdks\openjdk-24\bin\VCRUNTIME140.dll
0x00007ffe13060000 - 0x00007ffe1322a000 	C:\WINDOWS\System32\USER32.dll
0x00007ffe10e90000 - 0x00007ffe10eb7000 	C:\WINDOWS\System32\win32u.dll
0x00007ffdfced0000 - 0x00007ffdfd16a000 	C:\WINDOWS\WinSxS\amd64_microsoft.windows.common-controls_6595b64144ccf1df_6.0.26100.3912_none_3e07963ce335137e\COMCTL32.dll
0x00007ffe12370000 - 0x00007ffe1239b000 	C:\WINDOWS\System32\GDI32.dll
0x00007ffe13230000 - 0x00007ffe132d9000 	C:\WINDOWS\System32\msvcrt.dll
0x00007ffe11980000 - 0x00007ffe11ab2000 	C:\WINDOWS\System32\gdi32full.dll
0x00007ffe111a0000 - 0x00007ffe11243000 	C:\WINDOWS\System32\msvcp_win.dll
0x00007ffe129e0000 - 0x00007ffe12a10000 	C:\WINDOWS\System32\IMM32.DLL
0x00007ffe0de60000 - 0x00007ffe0de6c000 	C:\Users\USER\.jdks\openjdk-24\bin\vcruntime140_1.dll
0x00007ffe0caa0000 - 0x00007ffe0cb2e000 	C:\Users\USER\.jdks\openjdk-24\bin\msvcp140.dll
0x00007ffdda120000 - 0x00007ffddaec2000 	C:\Users\USER\.jdks\openjdk-24\bin\server\jvm.dll
0x00007ffe127a0000 - 0x00007ffe12852000 	C:\WINDOWS\System32\ADVAPI32.dll
0x00007ffe12a20000 - 0x00007ffe12ac6000 	C:\WINDOWS\System32\sechost.dll
0x00007ffe125b0000 - 0x00007ffe126c6000 	C:\WINDOWS\System32\RPCRT4.dll
0x00007ffe136c0000 - 0x00007ffe13734000 	C:\WINDOWS\System32\WS2_32.dll
0x00007ffe10b20000 - 0x00007ffe10b7e000 	C:\WINDOWS\SYSTEM32\POWRPROF.dll
0x00007ffe02230000 - 0x00007ffe02266000 	C:\WINDOWS\SYSTEM32\WINMM.dll
0x00007ffe0a330000 - 0x00007ffe0a33b000 	C:\WINDOWS\SYSTEM32\VERSION.dll
0x00007ffe10af0000 - 0x00007ffe10b04000 	C:\WINDOWS\SYSTEM32\UMPDC.dll
0x00007ffe0fc10000 - 0x00007ffe0fc2a000 	C:\WINDOWS\SYSTEM32\kernel.appcore.dll
0x00007ffe0de00000 - 0x00007ffe0de0a000 	C:\Users\USER\.jdks\openjdk-24\bin\jimage.dll
0x00007ffe00a50000 - 0x00007ffe00c91000 	C:\WINDOWS\SYSTEM32\DBGHELP.DLL
0x00007ffe13750000 - 0x00007ffe13ad4000 	C:\WINDOWS\System32\combase.dll
0x00007ffe12200000 - 0x00007ffe122e0000 	C:\WINDOWS\System32\OLEAUT32.dll
0x00007ffdf69e0000 - 0x00007ffdf6a19000 	C:\WINDOWS\SYSTEM32\dbgcore.DLL
0x00007ffe10ec0000 - 0x00007ffe10f59000 	C:\WINDOWS\System32\bcryptPrimitives.dll
0x00007ffe0ddf0000 - 0x00007ffe0ddff000 	C:\Users\USER\.jdks\openjdk-24\bin\instrument.dll
0x00007ffe0ddd0000 - 0x00007ffe0ddee000 	C:\Users\USER\.jdks\openjdk-24\bin\java.dll
0x00007ffe13370000 - 0x00007ffe1350f000 	C:\WINDOWS\System32\ole32.dll
0x00007ffe11ad0000 - 0x00007ffe121fd000 	C:\WINDOWS\System32\SHELL32.dll
0x00007ffe11770000 - 0x00007ffe118e4000 	C:\WINDOWS\System32\wintypes.dll
0x00007ffe0eae0000 - 0x00007ffe0f336000 	C:\WINDOWS\SYSTEM32\windows.storage.dll
0x00007ffe13ae0000 - 0x00007ffe13bcf000 	C:\WINDOWS\System32\SHCORE.dll
0x00007ffe12300000 - 0x00007ffe12369000 	C:\WINDOWS\System32\shlwapi.dll
0x00007ffe10da0000 - 0x00007ffe10dcf000 	C:\WINDOWS\SYSTEM32\profapi.dll
0x00007ffdfddf0000 - 0x00007ffdfdec7000 	C:\Users\USER\.jdks\openjdk-24\bin\jsvml.dll
0x00007ffe0ca80000 - 0x00007ffe0ca97000 	C:\Users\USER\.jdks\openjdk-24\bin\zip.dll
0x00007ffe0ddc0000 - 0x00007ffe0ddd0000 	C:\Users\USER\.jdks\openjdk-24\bin\net.dll
0x00007ffe10160000 - 0x00007ffe101ca000 	C:\WINDOWS\system32\mswsock.dll
0x00007ffe0dd40000 - 0x00007ffe0dd56000 	C:\Users\USER\.jdks\openjdk-24\bin\nio.dll
0x00007ffe0ddb0000 - 0x00007ffe0ddb9000 	C:\Users\USER\.jdks\openjdk-24\bin\extnet.dll
0x00007ffdf5a30000 - 0x00007ffdf5bae000 	C:\Users\USER\.jdks\openjdk-24\bin\awt.dll
0x00007ffe0dec0000 - 0x00007ffe0df5e000 	C:\WINDOWS\SYSTEM32\apphelp.dll
0x00007ffe0f6c0000 - 0x00007ffe0f7e7000 	C:\WINDOWS\SYSTEM32\DNSAPI.dll
0x00007ffe0f630000 - 0x00007ffe0f663000 	C:\WINDOWS\SYSTEM32\IPHLPAPI.DLL
0x00007ffe11ac0000 - 0x00007ffe11aca000 	C:\WINDOWS\System32\NSI.dll
0x00007ffdff9e0000 - 0x00007ffdff9eb000 	C:\Windows\System32\rasadhlp.dll
0x00007ffe0a410000 - 0x00007ffe0a496000 	C:\WINDOWS\System32\fwpuclnt.dll
0x00007ffe0ca70000 - 0x00007ffe0ca7a000 	C:\Users\USER\.jdks\openjdk-24\bin\management.dll
0x00007ffe0e090000 - 0x00007ffe0e13f000 	C:\WINDOWS\system32\uxtheme.dll
0x00007ffe13550000 - 0x00007ffe136af000 	C:\WINDOWS\System32\MSCTF.dll
0x00007ffe0ca60000 - 0x00007ffe0ca6b000 	C:\Users\USER\.jdks\openjdk-24\bin\management_ext.dll
0x00007ffe122f0000 - 0x00007ffe122f8000 	C:\WINDOWS\System32\PSAPI.DLL
0x00007ffe0e3f0000 - 0x00007ffe0e426000 	C:\WINDOWS\system32\DWMAPI.DLL
0x00007ffdfd570000 - 0x00007ffdfd5f7000 	C:\Users\USER\.jdks\openjdk-24\bin\freetype.dll
0x00007ffdfb020000 - 0x00007ffdfb0f7000 	C:\Users\USER\.jdks\openjdk-24\bin\fontmanager.dll
0x00007ffdbe8e0000 - 0x00007ffdbe9ec000 	C:\WINDOWS\system32\opengl32.dll
0x00007ffdecf50000 - 0x00007ffdecf7d000 	C:\WINDOWS\SYSTEM32\GLU32.dll
0x00007ffe0e430000 - 0x00007ffe0e477000 	C:\WINDOWS\SYSTEM32\dxcore.dll
0x00007ffdf5870000 - 0x00007ffdf5a25000 	C:\WINDOWS\system32\d3d9.dll
0x00007ffe0a340000 - 0x00007ffe0a401000 	C:\WINDOWS\System32\DriverStore\FileRepository\nv_dispig.inf_amd64_0afec3f2050014a0\nvldumdx.dll
0x00007ffe10580000 - 0x00007ffe10593000 	C:\WINDOWS\SYSTEM32\msasn1.dll
0x00007ffe0a2c0000 - 0x00007ffe0a2fb000 	C:\WINDOWS\SYSTEM32\cryptnet.dll
0x00007ffe10f60000 - 0x00007ffe110d7000 	C:\WINDOWS\System32\CRYPT32.dll
0x00007ffe10390000 - 0x00007ffe1039c000 	C:\WINDOWS\SYSTEM32\cryptbase.dll
0x00007ffe10430000 - 0x00007ffe1048d000 	C:\WINDOWS\SYSTEM32\wldp.dll
0x00007ffe0a0f0000 - 0x00007ffe0a26c000 	C:\WINDOWS\SYSTEM32\drvstore.dll
0x00007ffe10aa0000 - 0x00007ffe10acd000 	C:\WINDOWS\SYSTEM32\devobj.dll
0x00007ffe10a40000 - 0x00007ffe10a97000 	C:\WINDOWS\SYSTEM32\cfgmgr32.dll
0x00007ffe118f0000 - 0x00007ffe11970000 	C:\WINDOWS\System32\wintrust.dll
0x00007ffe13520000 - 0x00007ffe13540000 	C:\WINDOWS\System32\imagehlp.dll
0x00007ffe10520000 - 0x00007ffe1053c000 	C:\WINDOWS\SYSTEM32\CRYPTSP.dll
0x00007ffe0fb70000 - 0x00007ffe0fbaa000 	C:\WINDOWS\system32\rsaenh.dll
0x00007ffe10d70000 - 0x00007ffe10d96000 	C:\WINDOWS\SYSTEM32\bcrypt.dll
0x00007ffe07d00000 - 0x00007ffe09cee000 	C:\WINDOWS\System32\DriverStore\FileRepository\nv_dispig.inf_amd64_0afec3f2050014a0\nvgpucomp64.dll
0x00007ffe10200000 - 0x00007ffe1022b000 	C:\WINDOWS\SYSTEM32\USERENV.dll
0x00007ffdb9850000 - 0x00007ffdbb2e4000 	C:\WINDOWS\System32\DriverStore\FileRepository\nv_dispig.inf_amd64_0afec3f2050014a0\nvd3dumx.dll
0x00007ffdd2670000 - 0x00007ffdd2688000 	C:\WINDOWS\system32\napinsp.dll
0x00007ffe0e200000 - 0x00007ffe0e260000 	C:\WINDOWS\SYSTEM32\directxdatabasehelper.dll
0x00007ffdd2690000 - 0x00007ffdd26a2000 	C:\WINDOWS\System32\winrnr.dll
0x00007ffdd26b0000 - 0x00007ffdd26e0000 	C:\WINDOWS\system32\nlansp_c.dll
0x00007ffdef3e0000 - 0x00007ffdef400000 	C:\WINDOWS\system32\wshbth.dll
0x00007ffe101d0000 - 0x00007ffe101f7000 	C:\WINDOWS\SYSTEM32\gpapi.dll
0x00007ffded740000 - 0x00007ffded895000 	C:\WINDOWS\System32\DriverStore\FileRepository\nv_dispig.inf_amd64_0afec3f2050014a0\nvppex.dll
0x00007ffe12860000 - 0x00007ffe12908000 	C:\WINDOWS\System32\clbcatq.dll
0x00007ffe0c0a0000 - 0x00007ffe0c2da000 	C:\WINDOWS\SYSTEM32\WindowsCodecs.dll
0x00007ffdee240000 - 0x00007ffdee29a000 	C:\WINDOWS\system32\dataexchange.dll
0x00007ffe07290000 - 0x00007ffe074cc000 	C:\WINDOWS\system32\twinapi.appcore.dll
0x00007ffdff9f0000 - 0x00007ffdffb3d000 	C:\WINDOWS\SYSTEM32\textinputframework.dll
0x00007ffe0d610000 - 0x00007ffe0d736000 	C:\WINDOWS\SYSTEM32\CoreMessaging.dll
0x00007ffe0a780000 - 0x00007ffe0aa63000 	C:\WINDOWS\SYSTEM32\CoreUIComponents.dll
0x00007ffe0dd90000 - 0x00007ffe0dda1000 	C:\WINDOWS\SYSTEM32\wtdccm.dll
0x00007ffdd9b20000 - 0x00007ffdd9d2e000 	C:\Users\USER\AppData\Local\Temp\idea_libasyncProfiler_dll_temp_folder2\libasyncProfiler.dll

dbghelp: loaded successfully - version: 4.0.5 - missing functions: none
symbol engine: initialized successfully - sym options: 0x614 - pdb path: .;C:\Users\USER\.jdks\openjdk-24\bin;C:\WINDOWS\SYSTEM32;C:\WINDOWS\WinSxS\amd64_microsoft.windows.common-controls_6595b64144ccf1df_6.0.26100.3912_none_3e07963ce335137e;C:\Users\USER\.jdks\openjdk-24\bin\server;C:\WINDOWS\System32\DriverStore\FileRepository\nv_dispig.inf_amd64_0afec3f2050014a0;C:\Users\USER\AppData\Local\Temp\idea_libasyncProfiler_dll_temp_folder2

VM Arguments:
jvm_args: -javaagent:C:\Program Files\JetBrains\IntelliJ IDEA 2024.3.5\lib\idea_rt.jar=50634 -Dfile.encoding=UTF-8 -Dsun.stdout.encoding=UTF-8 -Dsun.stderr.encoding=UTF-8 
java_command: Main
java_class_path (initial): C:\Users\USER\Documents\Faculdade\sistemaDeBlibioteca.java\out\production\sistemaDeBlibioteca.java
Launcher Type: SUN_STANDARD

[Global flags]
     intx CICompilerCount                          = 12                                        {product} {ergonomic}
     uint ConcGCThreads                            = 3                                         {product} {ergonomic}
     bool FlightRecorder                           = true                                      {product} {management}
     uint G1ConcRefinementThreads                  = 13                                        {product} {ergonomic}
   size_t G1HeapRegionSize                         = 4194304                                   {product} {ergonomic}
   size_t InitialHeapSize                          = 536870912                                 {product} {ergonomic}
   size_t MarkStackSize                            = 4194304                                   {product} {ergonomic}
   size_t MarkStackSizeMax                         = 536870912                                 {product} {ergonomic}
   size_t MaxHeapSize                              = 8564768768                                {product} {ergonomic}
   size_t MaxNewSize                               = 5138022400                                {product} {ergonomic}
   size_t MinHeapDeltaBytes                        = 4194304                                   {product} {ergonomic}
   size_t MinHeapSize                              = 8388608                                   {product} {ergonomic}
    uintx NonNMethodCodeHeapSize                   = 7602176                                {pd product} {ergonomic}
    uintx NonProfiledCodeHeapSize                  = 122093568                              {pd product} {ergonomic}
    uintx ProfiledCodeHeapSize                     = 121962496                              {pd product} {ergonomic}
    uintx ReservedCodeCacheSize                    = 251658240                              {pd product} {ergonomic}
     bool SegmentedCodeCache                       = true                                      {product} {ergonomic}
   size_t SoftMaxHeapSize                          = 8564768768                             {manageable} {ergonomic}
     bool UseCompressedOops                        = true                           {product lp64_product} {ergonomic}
     bool UseG1GC                                  = true                                      {product} {ergonomic}
     bool UseLargePagesIndividualAllocation        = false                                  {pd product} {ergonomic}

Logging:
Log output configuration:
 #0: stdout all=warning uptime,level,tags foldmultilines=false
 #1: stderr all=off uptime,level,tags foldmultilines=false

Environment Variables:
PATH=C:\WINDOWS\system32;C:\WINDOWS;C:\WINDOWS\System32\Wbem;C:\WINDOWS\System32\WindowsPowerShell\v1.0\;C:\WINDOWS\System32\OpenSSH\;C:\Program Files\Git\cmd;C:\Users\USER\AppData\Local\Microsoft\WindowsApps;C:\Users\USER\AppData\Local\Programs\Microsoft VS Code\bin
USERNAME=USER
OS=Windows_NT
PROCESSOR_IDENTIFIER=AMD64 Family 25 Model 80 Stepping 0, AuthenticAMD
TMP=C:\Users\USER\AppData\Local\Temp
TEMP=C:\Users\USER\AppData\Local\Temp




Periodic native trim disabled

---------------  S Y S T E M  ---------------

OS:
 Windows 11 , 64 bit Build 26100 (10.0.26100.3912)
OS uptime: 0 days 2:38 hours
Hyper-V role detected

CPU: total 16 (initial active 16) (16 cores per cpu, 2 threads per core) family 25 model 80 stepping 0 microcode 0xa50000f, cx8, cmov, fxsr, ht, mmx, 3dnowpref, sse, sse2, sse3, ssse3, sse4a, sse4.1, sse4.2, popcnt, lzcnt, tsc, tscinvbit, avx, avx2, aes, erms, clmul, bmi1, bmi2, adx, sha, fma, vzeroupper, clflush, clflushopt, hv, rdtscp, rdpid, fsrm, f16c, cet_ss
Processor Information for the first 16 processors :
  Max Mhz: 3701, Current Mhz: 3701, Mhz Limit: 3701

Memory: 4k page, system-wide physical 32661M (23361M free)
TotalPageFile size 34709M (AvailPageFile size 24040M)
current process WorkingSet (physical memory assigned to process): 205M, peak: 205M
current process commit charge ("private bytes"): 759M, peak: 759M

vm_info: OpenJDK 64-Bit Server VM (24+36-3646) for windows-amd64 JRE (24+36-3646), built on 2025-02-06T00:20:43Z with MS VC++ 17.6 (VS2022)

END.
